<?xml version="1.0" encoding="UTF-8" ?>
<testsuite failures="0" time="0.015" errors="0" skipped="0" tests="1" name="storm_test.helloworld.AppTest">
  <properties>
    <property name="java.runtime.name" value="Java(TM) SE Runtime Environment"/>
    <property name="sun.boot.library.path" value="/home/gsj/Develop_Tools/tools/jdk/jdk1.6/jdk1.6.0_43/jre/lib/amd64"/>
    <property name="java.vm.version" value="20.14-b01"/>
    <property name="java.vm.vendor" value="Sun Microsystems Inc."/>
    <property name="java.vendor.url" value="http://java.sun.com/"/>
    <property name="path.separator" value=":"/>
    <property name="guice.disable.misplaced.annotation.check" value="true"/>
    <property name="java.vm.name" value="Java HotSpot(TM) 64-Bit Server VM"/>
    <property name="file.encoding.pkg" value="sun.io"/>
    <property name="user.country" value="CN"/>
    <property name="sun.java.launcher" value="SUN_STANDARD"/>
    <property name="sun.os.patch.level" value="unknown"/>
    <property name="java.vm.specification.name" value="Java Virtual Machine Specification"/>
    <property name="user.dir" value="/home/gsj/workspace1/helloworld"/>
    <property name="java.runtime.version" value="1.6.0_43-b01"/>
    <property name="java.awt.graphicsenv" value="sun.awt.X11GraphicsEnvironment"/>
    <property name="java.endorsed.dirs" value="/home/gsj/Develop_Tools/tools/jdk/jdk1.6/jdk1.6.0_43/jre/lib/endorsed"/>
    <property name="os.arch" value="amd64"/>
    <property name="java.io.tmpdir" value="/tmp"/>
    <property name="line.separator" value="
"/>
    <property name="java.vm.specification.vendor" value="Sun Microsystems Inc."/>
    <property name="os.name" value="Linux"/>
    <property name="classworlds.conf" value="/home/gsj/workspace1/.metadata/.plugins/org.eclipse.m2e.core/launches/m2conf8793300178856793427.tmp"/>
    <property name="sun.jnu.encoding" value="UTF-8"/>
    <property name="java.library.path" value="/home/gsj/Develop_Tools/tools/jdk/jdk1.6/jdk1.6.0_43/jre/lib/amd64/server:/home/gsj/Develop_Tools/tools/jdk/jdk1.6/jdk1.6.0_43/jre/lib/amd64:/home/gsj/Develop_Tools/tools/jdk/jdk1.6/jdk1.6.0_43/jre/../lib/amd64:/usr/java/packages/lib/amd64:/usr/lib64:/lib64:/lib:/usr/lib"/>
    <property name="java.specification.name" value="Java Platform API Specification"/>
    <property name="java.class.version" value="50.0"/>
    <property name="sun.management.compiler" value="HotSpot 64-Bit Tiered Compilers"/>
    <property name="os.version" value="3.2.0-57-generic"/>
    <property name="user.home" value="/home/gsj"/>
    <property name="user.timezone" value="Asia/Shanghai"/>
    <property name="java.awt.printerjob" value="sun.print.PSPrinterJob"/>
    <property name="file.encoding" value="UTF-8"/>
    <property name="java.specification.version" value="1.6"/>
    <property name="user.name" value="gsj"/>
    <property name="java.class.path" value="/home/gsj/Develop_Tools/tools/ide/springsource_only/sts-3.3.0.M1/configuration/org.eclipse.osgi/bundles/550/1/.cp/jars/plexus-classworlds-2.4.jar"/>
    <property name="java.vm.specification.version" value="1.0"/>
    <property name="sun.arch.data.model" value="64"/>
    <property name="java.home" value="/home/gsj/Develop_Tools/tools/jdk/jdk1.6/jdk1.6.0_43/jre"/>
    <property name="sun.java.command" value="org.codehaus.plexus.classworlds.launcher.Launcher -B -s /home/gsj/doc/maven-setting/setting.xml clean package"/>
    <property name="java.specification.vendor" value="Sun Microsystems Inc."/>
    <property name="user.language" value="zh"/>
    <property name="java.vm.info" value="mixed mode"/>
    <property name="java.version" value="1.6.0_43"/>
    <property name="java.ext.dirs" value="/home/gsj/Develop_Tools/tools/jdk/jdk1.6/jdk1.6.0_43/jre/lib/ext:/usr/java/packages/lib/ext"/>
    <property name="securerandom.source" value="file:/dev/./urandom"/>
    <property name="sun.boot.class.path" value="/home/gsj/Develop_Tools/tools/jdk/jdk1.6/jdk1.6.0_43/jre/lib/resources.jar:/home/gsj/Develop_Tools/tools/jdk/jdk1.6/jdk1.6.0_43/jre/lib/rt.jar:/home/gsj/Develop_Tools/tools/jdk/jdk1.6/jdk1.6.0_43/jre/lib/sunrsasign.jar:/home/gsj/Develop_Tools/tools/jdk/jdk1.6/jdk1.6.0_43/jre/lib/jsse.jar:/home/gsj/Develop_Tools/tools/jdk/jdk1.6/jdk1.6.0_43/jre/lib/jce.jar:/home/gsj/Develop_Tools/tools/jdk/jdk1.6/jdk1.6.0_43/jre/lib/charsets.jar:/home/gsj/Develop_Tools/tools/jdk/jdk1.6/jdk1.6.0_43/jre/lib/modules/jdk.boot.jar:/home/gsj/Develop_Tools/tools/jdk/jdk1.6/jdk1.6.0_43/jre/classes"/>
    <property name="java.vendor" value="Sun Microsystems Inc."/>
    <property name="maven.home" value="/home/gsj/workspace1/helloworld/EMBEDDED"/>
    <property name="file.separator" value="/"/>
    <property name="java.vendor.url.bug" value="http://java.sun.com/cgi-bin/bugreport.cgi"/>
    <property name="sun.cpu.endian" value="little"/>
    <property name="sun.io.unicode.encoding" value="UnicodeLittle"/>
    <property name="sun.desktop" value="gnome"/>
    <property name="sun.cpu.isalist" value=""/>
  </properties>
  <testcase time="0.002" classname="storm_test.helloworld.AppTest" name="testApp"/>
</testsuite>